make -C ./hlos/makerules/linux -f build_uboot.mk uboot
make[1]: Entering directory `/home/gy/PROCESSOR_SDK_VISION_03_02_00_00/vision_sdk/build/hlos/makerules/linux'
make -fbuild_uboot.mk uboot_build UBOOT_TARGET=dra7xx_evm_vision_config
make[2]: Entering directory `/home/gy/PROCESSOR_SDK_VISION_03_02_00_00/vision_sdk/build/hlos/makerules/linux'
make -C /home/gy/PROCESSOR_SDK_VISION_03_02_00_00/vision_sdk/../ti_components/os_tools/linux/u-boot/u-boot ARCH=arm CROSS_COMPILE=/home/gy/PROCESSOR_SDK_VISION_03_02_00_00/ti_components/os_tools/linux/linaro/gcc-linaro-5.3-2016.02-x86_64_arm-linux-gnueabihf/bin/arm-linux-gnueabihf- dra7xx_evm_vision_config
make[3]: Entering directory `/home/gy/PROCESSOR_SDK_VISION_03_02_00_00/ti_components/os_tools/linux/u-boot/u-boot'
  HOSTCC  scripts/basic/fixdep
  HOSTCC  scripts/kconfig/conf.o
  SHIPPED scripts/kconfig/zconf.tab.c
  SHIPPED scripts/kconfig/zconf.lex.c
  SHIPPED scripts/kconfig/zconf.hash.c
  HOSTCC  scripts/kconfig/zconf.tab.o
  HOSTLD  scripts/kconfig/conf
#
# configuration written to .config
#
make[3]: Leaving directory `/home/gy/PROCESSOR_SDK_VISION_03_02_00_00/ti_components/os_tools/linux/u-boot/u-boot'
make[2]: Leaving directory `/home/gy/PROCESSOR_SDK_VISION_03_02_00_00/vision_sdk/build/hlos/makerules/linux'
make -fbuild_uboot.mk uboot_build 
make[2]: Entering directory `/home/gy/PROCESSOR_SDK_VISION_03_02_00_00/vision_sdk/build/hlos/makerules/linux'
make -C /home/gy/PROCESSOR_SDK_VISION_03_02_00_00/vision_sdk/../ti_components/os_tools/linux/u-boot/u-boot ARCH=arm CROSS_COMPILE=/home/gy/PROCESSOR_SDK_VISION_03_02_00_00/ti_components/os_tools/linux/linaro/gcc-linaro-5.3-2016.02-x86_64_arm-linux-gnueabihf/bin/arm-linux-gnueabihf- 
make[3]: Entering directory `/home/gy/PROCESSOR_SDK_VISION_03_02_00_00/ti_components/os_tools/linux/u-boot/u-boot'
scripts/kconfig/conf  --silentoldconfig Kconfig
  CHK     include/config.h
  UPD     include/config.h
  GEN     include/autoconf.mk
  GEN     include/autoconf.mk.dep
  GEN     spl/include/autoconf.mk
make[3]: Leaving directory `/home/gy/PROCESSOR_SDK_VISION_03_02_00_00/ti_components/os_tools/linux/u-boot/u-boot'
make[3]: Entering directory `/home/gy/PROCESSOR_SDK_VISION_03_02_00_00/ti_components/os_tools/linux/u-boot/u-boot'
  CHK     include/config/uboot.release
  UPD     include/config/uboot.release
  CHK     include/generated/version_autogenerated.h
  UPD     include/generated/version_autogenerated.h
  CHK     include/generated/timestamp_autogenerated.h
  UPD     include/generated/timestamp_autogenerated.h
  CC      lib/asm-offsets.s
  CHK     include/generated/generic-asm-offsets.h
  UPD     include/generated/generic-asm-offsets.h
  CC      arch/arm/lib/asm-offsets.s
  CHK     include/generated/asm-offsets.h
  UPD     include/generated/asm-offsets.h
  HOSTCC  tools/gen_eth_addr
  HOSTCC  tools/img2srec
  HOSTCC  tools/mkenvimage.o
  HOSTCC  tools/os_support.o
  WRAP    tools/lib/crc32.c
  HOSTCC  tools/lib/crc32.o
  HOSTLD  tools/mkenvimage
  HOSTCC  tools/aisimage.o
  HOSTCC  tools/atmelimage.o
  WRAP    tools/common/bootm.c
  HOSTCC  tools/common/bootm.o
  HOSTCC  tools/default_image.o
  WRAP    tools/lib/fdtdec_common.c
  HOSTCC  tools/lib/fdtdec_common.o
  WRAP    tools/lib/fdtdec.c
  HOSTCC  tools/lib/fdtdec.o
  HOSTCC  tools/fit_common.o
  HOSTCC  tools/fit_image.o
  HOSTCC  tools/gpimage.o
  HOSTCC  tools/gpimage-common.o
  WRAP    tools/common/image-fit.c
  HOSTCC  tools/common/image-fit.o
  HOSTCC  tools/image-host.o
  WRAP    tools/common/image.c
  HOSTCC  tools/common/image.o
  HOSTCC  tools/imagetool.o
  HOSTCC  tools/imximage.o
  HOSTCC  tools/kwbimage.o
  WRAP    tools/lib/md5.c
  HOSTCC  tools/lib/md5.o
  HOSTCC  tools/lpc32xximage.o
  HOSTCC  tools/mxsimage.o
  HOSTCC  tools/omapimage.o
  HOSTCC  tools/pblimage.o
  HOSTCC  tools/pbl_crc32.o
  WRAP    tools/lib/rc4.c
  HOSTCC  tools/lib/rc4.o
  HOSTCC  tools/rkcommon.o
  HOSTCC  tools/rkimage.o
  HOSTCC  tools/rksd.o
  HOSTCC  tools/rkspi.o
  HOSTCC  tools/socfpgaimage.o
  WRAP    tools/lib/sha1.c
  HOSTCC  tools/lib/sha1.o
  WRAP    tools/lib/sha256.c
  HOSTCC  tools/lib/sha256.o
  WRAP    tools/common/hash.c
  HOSTCC  tools/common/hash.o
  HOSTCC  tools/ublimage.o
  HOSTCC  tools/zynqimage.o
  WRAP    tools/lib/libfdt/fdt.c
  HOSTCC  tools/lib/libfdt/fdt.o
  WRAP    tools/lib/libfdt/fdt_ro.c
  HOSTCC  tools/lib/libfdt/fdt_ro.o
  WRAP    tools/lib/libfdt/fdt_rw.c
  HOSTCC  tools/lib/libfdt/fdt_rw.o
  WRAP    tools/lib/libfdt/fdt_strerror.c
  HOSTCC  tools/lib/libfdt/fdt_strerror.o
  WRAP    tools/lib/libfdt/fdt_wip.c
  HOSTCC  tools/lib/libfdt/fdt_wip.o
  WRAP    tools/lib/libfdt/fdt_region.c
  HOSTCC  tools/lib/libfdt/fdt_region.o
  WRAP    tools/lib/libfdt/fdt_sw.c
  HOSTCC  tools/lib/libfdt/fdt_sw.o
  HOSTCC  tools/dumpimage.o
  HOSTLD  tools/dumpimage
  HOSTCC  tools/mkimage.o
  HOSTLD  tools/mkimage
  HOSTCC  tools/proftool
  HOSTCC  tools/fdtgrep.o
  HOSTLD  tools/fdtgrep
  LD      arch/arm/cpu/built-in.o
  CC      arch/arm/cpu/armv7/cache_v7.o
  AS      arch/arm/cpu/armv7/cache_v7_asm.o
  CC      arch/arm/cpu/armv7/cpu.o
  CC      arch/arm/cpu/armv7/cp15.o
  CC      arch/arm/cpu/armv7/syslib.o
  AS      arch/arm/cpu/armv7/lowlevel_init.o
  CC      arch/arm/cpu/armv7/omap-common/reset.o
  CC      arch/arm/cpu/armv7/omap-common/utils.o
  CC      arch/arm/cpu/armv7/omap-common/hwinit-common.o
  CC      arch/arm/cpu/armv7/omap-common/clocks-common.o
  CC      arch/arm/cpu/armv7/omap-common/emif-common.o
  CC      arch/arm/cpu/armv7/omap-common/vc.o
  CC      arch/arm/cpu/armv7/omap-common/abb.o
  CC      arch/arm/cpu/armv7/omap-common/pipe3-phy.o
  CC      arch/arm/cpu/armv7/omap-common/sata.o
  CC      arch/arm/cpu/armv7/omap-common/omap-cache.o
  CC      arch/arm/cpu/armv7/omap-common/boot-common.o
  AS      arch/arm/cpu/armv7/omap-common/lowlevel_init.o
  CC      arch/arm/cpu/armv7/omap-common/mem-common.o
  LD      arch/arm/cpu/armv7/omap-common/built-in.o
  CC      arch/arm/cpu/armv7/omap5/boot.o
  CC      arch/arm/cpu/armv7/omap5/hwinit.o
  CC      arch/arm/cpu/armv7/omap5/emif.o
  CC      arch/arm/cpu/armv7/omap5/sdram.o
  CC      arch/arm/cpu/armv7/omap5/prcm-regs.o
  CC      arch/arm/cpu/armv7/omap5/hw_data.o
  CC      arch/arm/cpu/armv7/omap5/abb.o
  CC      arch/arm/cpu/armv7/omap5/fdt.o
  CC      arch/arm/cpu/armv7/omap5/dra7xx_iodelay.o
  AS      arch/arm/cpu/armv7/omap5/sec_entry_cpu1.o
  LD      arch/arm/cpu/armv7/omap5/built-in.o
  LD      arch/arm/cpu/armv7/built-in.o
  AS      arch/arm/cpu/armv7/start.o
  AS      arch/arm/lib/vectors.o
  AS      arch/arm/lib/crt0.o
  AS      arch/arm/lib/relocate.o
  CC      arch/arm/lib/bootm-fdt.o
  CC      arch/arm/lib/bootm.o
  CC      arch/arm/lib/sections.o
  CC      arch/arm/lib/stack.o
  CC      arch/arm/lib/interrupts.o
  CC      arch/arm/lib/reset.o
  CC      arch/arm/lib/cache.o
  CC      arch/arm/lib/cache-cp15.o
  LD      arch/arm/lib/built-in.o
  AR      arch/arm/lib/lib.a
  CC      arch/arm/lib/eabi_compat.o
  CC      board/ti/common/board_detect.o
  LD      board/ti/common/built-in.o
  CC      board/ti/dra7xx/evm.o
  CC      board/ti/dra7xx/lateattach.o
  LD      board/ti/dra7xx/built-in.o
  CC      cmd/boot.o
  CC      cmd/bootm.o
  CC      cmd/help.o
  CC      cmd/version.o
  CC      cmd/source.o
  CC      cmd/bdinfo.o
  CC      cmd/bootefi.o
  CC      cmd/console.o
  CC      cmd/echo.o
  CC      cmd/elf.o
  CC      cmd/exit.o
  CC      cmd/ext4.o
  CC      cmd/ext2.o
  CC      cmd/fat.o
  CC      cmd/fdt.o
  CC      cmd/fs.o
  CC      cmd/gpio.o
  CC      cmd/i2c.o
  CC      cmd/itest.o
  CC      cmd/load.o
  CC      cmd/mem.o
  CC      cmd/mii.o
  CC      cmd/mdio.o
  CC      cmd/misc.o
  CC      cmd/mmc.o
  CC      cmd/net.o
  CC      cmd/part.o
  CC      cmd/pcmcia.o
  CC      cmd/pxe.o
  CC      cmd/sf.o
  CC      cmd/scsi.o
  CC      cmd/spi.o
  CC      cmd/time.o
  CC      cmd/test.o
  CC      cmd/usb.o
  CC      cmd/fastboot.o
  CC      cmd/usb_mass_storage.o
  CC      cmd/ximg.o
  CC      cmd/spl.o
  CC      cmd/dfu.o
  CC      cmd/gpt.o
  CC      cmd/nvedit.o
  CC      cmd/disk.o
  LD      cmd/built-in.o
  CC      common/init/board_init.o
  LD      common/init/built-in.o
  CC      common/main.o
  CC      common/exports.o
  CC      common/hash.o
  CC      common/cli_hush.o
  CC      common/autoboot.o
  CC      common/board_f.o
  CC      common/board_r.o
  CC      common/board_info.o
  CC      common/bootm.o
  CC      common/bootm_os.o
  CC      common/env_attr.o
  CC      common/env_callback.o
  CC      common/env_flags.o
  CC      common/env_mmc.o
  CC      common/fdt_support.o
  CC      common/miiphyutil.o
  CC      common/usb.o
  CC      common/usb_hub.o
  CC      common/usb_storage.o
  CC      common/flash.o
  CC      common/splash.o
  CC      common/menu.o
  CC      common/env_common.o
  CC      common/console.o
  CC      common/dlmalloc.o
  CC      common/malloc_simple.o
  CC      common/image.o
  CC      common/image-android.o
  CC      common/image-fdt.o
  CC      common/image-fit.o
  CC      common/memsize.o
  CC      common/stdio.o
  CC      common/image-sparse.o
  CC      common/fb_mmc.o
  CC      common/cli_simple.o
  CC      common/cli.o
  CC      common/cli_readline.o
  CC      common/dfu.o
  CC      common/command.o
  CC      common/s_record.o
  CC      common/xyzModem.o
  CC      common/elf_remoteproc.o
  LD      common/built-in.o
  CC      disk/part.o
  CC      disk/part_dos.o
  CC      disk/part_iso.o
  CC      disk/part_efi.o
  LD      disk/built-in.o
  LD      drivers/adc/built-in.o
  CC      drivers/block/disk-uclass.o
  CC      drivers/block/dwc_ahci.o
  CC      drivers/block/ahci.o
  CC      drivers/block/libata.o
  LD      drivers/block/built-in.o
  CC      drivers/core/device.o
  CC      drivers/core/lists.o
  CC      drivers/core/root.o
  CC      drivers/core/uclass.o
  CC      drivers/core/util.o
  CC      drivers/core/device-remove.o
  CC      drivers/core/simple-bus.o
  CC      drivers/core/dump.o
  LD      drivers/core/built-in.o
  CC      drivers/crypto/fsl/sec.o
  LD      drivers/crypto/fsl/built-in.o
  LD      drivers/crypto/rsa_mod_exp/built-in.o
  LD      drivers/crypto/built-in.o
  CC      drivers/dfu/dfu.o
  CC      drivers/dfu/dfu_mmc.o
  CC      drivers/dfu/dfu_ram.o
  CC      drivers/dfu/dfu_sf.o
  LD      drivers/dfu/built-in.o
  LD      drivers/hwmon/built-in.o
  CC      drivers/input/input.o
  CC      drivers/input/key_matrix.o
  LD      drivers/input/built-in.o
  LD      drivers/memory/built-in.o
  LD      drivers/misc/built-in.o
  CC      drivers/pcmcia/tqm8xx_pcmcia.o
  LD      drivers/pcmcia/built-in.o
  LD      drivers/pwm/built-in.o
  CC      drivers/rtc/date.o
  LD      drivers/rtc/built-in.o
  LD      drivers/soc/built-in.o
  LD      drivers/sound/built-in.o
  LD      drivers/spmi/built-in.o
  LD      drivers/thermal/built-in.o
  CC      drivers/timer/timer-uclass.o
  CC      drivers/timer/omap-timer.o
  LD      drivers/timer/built-in.o
  LD      drivers/tpm/built-in.o
  LD      drivers/twserial/built-in.o
  LD      drivers/video/bridge/built-in.o
  LD      drivers/video/built-in.o
  LD      drivers/watchdog/built-in.o
  LD      drivers/built-in.o
  CC      drivers/dma/ti-edma3.o
  LD      drivers/dma/built-in.o
  CC      drivers/gpio/gpio-uclass.o
  CC      drivers/gpio/omap_gpio.o
  CC      drivers/gpio/pcf8575_gpio.o
  LD      drivers/gpio/built-in.o
  CC      drivers/i2c/i2c-uclass.o
  CC      drivers/i2c/i2c-uclass-compat.o
  CC      drivers/i2c/omap24xx_i2c.o
  LD      drivers/i2c/built-in.o
  CC      drivers/mmc/mmc-uclass.o
  CC      drivers/mmc/mmc.o
  CC      drivers/mmc/omap_hsmmc.o
  CC      drivers/mmc/mmc_write.o
  LD      drivers/mmc/built-in.o
  CC      drivers/mtd/mtdcore.o
  CC      drivers/mtd/mtd_uboot.o
  LD      drivers/mtd/built-in.o
  LD      drivers/mtd/onenand/built-in.o
  CC      drivers/mtd/spi/sf-uclass.o
  CC      drivers/mtd/spi/sf_probe.o
  CC      drivers/mtd/spi/spi_flash.o
  CC      drivers/mtd/spi/sf_params.o
  CC      drivers/mtd/spi/sf.o
  LD      drivers/mtd/spi/built-in.o
  CC      drivers/net/cpsw.o
  CC      drivers/net/cpsw-common.o
  LD      drivers/net/built-in.o
  CC      drivers/net/phy/phy.o
  CC      drivers/net/phy/ti.o
  LD      drivers/net/phy/built-in.o
  LD      drivers/pci/built-in.o
  CC      drivers/power/palmas.o
  LD      drivers/power/built-in.o
  LD      drivers/power/battery/built-in.o
  LD      drivers/power/fuel_gauge/built-in.o
  LD      drivers/power/mfd/built-in.o
  CC      drivers/power/pmic/pmic-uclass.o
  CC      drivers/power/pmic/palmas.o
  CC      drivers/power/pmic/lp873x.o
  CC      drivers/power/pmic/lp87565.o
  LD      drivers/power/pmic/built-in.o
  CC      drivers/power/regulator/regulator-uclass.o
  CC      drivers/power/regulator/fixed.o
  CC      drivers/power/regulator/gpio-regulator.o
  CC      drivers/power/regulator/palmas_regulator.o
  CC      drivers/power/regulator/lp873x_regulator.o
  CC      drivers/power/regulator/lp87565_regulator.o
  LD      drivers/power/regulator/built-in.o
  LD      drivers/rapidio/built-in.o
  CC      drivers/serial/serial-uclass.o
  CC      drivers/serial/ns16550.o
  LD      drivers/serial/built-in.o
  CC      drivers/spi/spi-uclass.o
  CC      drivers/spi/ti_qspi.o
  LD      drivers/spi/built-in.o
  LD      drivers/usb/common/built-in.o
  CC      drivers/usb/dwc3/core.o
  CC      drivers/usb/dwc3/gadget.o
  CC      drivers/usb/dwc3/ep0.o
  LD      drivers/usb/dwc3/dwc3.o
  CC      drivers/usb/dwc3/dwc3-omap.o
  CC      drivers/usb/dwc3/ti_usb_phy.o
  LD      drivers/usb/dwc3/built-in.o
  LD      drivers/usb/emul/built-in.o
  LD      drivers/usb/eth/built-in.o
  CC      drivers/usb/gadget/epautoconf.o
  CC      drivers/usb/gadget/config.o
  CC      drivers/usb/gadget/usbstring.o
  CC      drivers/usb/gadget/g_dnl.o
  CC      drivers/usb/gadget/f_dfu.o
  CC      drivers/usb/gadget/f_mass_storage.o
  CC      drivers/usb/gadget/f_fastboot.o
  LD      drivers/usb/gadget/built-in.o
  CC      drivers/usb/gadget/udc/udc-core.o
  LD      drivers/usb/gadget/udc/built-in.o
  CC      drivers/usb/host/xhci.o
  CC      drivers/usb/host/xhci-mem.o
  CC      drivers/usb/host/xhci-ring.o
  CC      drivers/usb/host/xhci-dwc3.o
  CC      drivers/usb/host/xhci-omap.o
  LD      drivers/usb/host/built-in.o
  LD      drivers/usb/musb-new/built-in.o
  LD      drivers/usb/musb/built-in.o
  CC      drivers/usb/phy/omap_usb_phy.o
  LD      drivers/usb/phy/built-in.o
  LD      drivers/usb/ulpi/built-in.o
  CC      fs/fs.o
  CC      fs/ext4/ext4fs.o
  CC      fs/ext4/ext4_common.o
  CC      fs/ext4/dev.o
  CC      fs/ext4/ext4_write.o
  CC      fs/ext4/ext4_journal.o
  CC      fs/ext4/crc16.o
  LD      fs/ext4/built-in.o
  CC      fs/fat/fat_write.o
  CC      fs/fat/file.o
  LD      fs/fat/built-in.o
  LD      fs/built-in.o
  CC      lib/efi_loader/efi_image_loader.o
  CC      lib/efi_loader/efi_boottime.o
  CC      lib/efi_loader/efi_runtime.o
  CC      lib/efi_loader/efi_console.o
  CC      lib/efi_loader/efi_memory.o
  CC      lib/efi_loader/efi_disk.o
  LD      lib/efi_loader/built-in.o
  CC      lib/libfdt/fdt.o
  CC      lib/libfdt/fdt_ro.o
  CC      lib/libfdt/fdt_rw.o
  CC      lib/libfdt/fdt_strerror.o
  CC      lib/libfdt/fdt_sw.o
  CC      lib/libfdt/fdt_wip.o
  CC      lib/libfdt/fdt_empty_tree.o
  CC      lib/libfdt/fdt_addresses.o
  CC      lib/libfdt/fdt_region.o
  LD      lib/libfdt/built-in.o
  CC      lib/lzo/lzo1x_decompress.o
  LD      lib/lzo/built-in.o
  CC      lib/zlib/zlib.o
  LD      lib/zlib/built-in.o
  CC      lib/crc7.o
  CC      lib/crc8.o
  CC      lib/crc16.o
  CC      lib/fdtdec_common.o
  CC      lib/fdtdec.o
  CC      lib/gunzip.o
  CC      lib/initcall.o
  CC      lib/lmb.o
  CC      lib/ldiv.o
  CC      lib/md5.o
  CC      lib/net_utils.o
  CC      lib/qsort.o
  CC      lib/rc4.o
  CC      lib/sha1.o
  CC      lib/sha256.o
  CC      lib/strmhz.o
  CC      lib/list_sort.o
  CC      lib/hashtable.o
  CC      lib/errno.o
  CC      lib/display_options.o
  CC      lib/crc32.o
  CC      lib/ctype.o
  CC      lib/div64.o
  CC      lib/hang.o
  CC      lib/linux_compat.o
  CC      lib/linux_string.o
  CC      lib/membuff.o
  CC      lib/slre.o
  CC      lib/string.o
  CC      lib/time.o
  CC      lib/uuid.o
  CC      lib/rand.o
  CC      lib/vsprintf.o
  CC      lib/panic.o
  CC      lib/strto.o
  LD      lib/built-in.o
  CC      net/checksum.o
  CC      net/arp.o
  CC      net/bootp.o
  CC      net/eth-uclass.o
  CC      net/eth_common.o
  CC      net/net.o
  CC      net/nfs.o
  CC      net/ping.o
  CC      net/tftp.o
  LD      net/built-in.o
  LD      test/built-in.o
  CC      test/dm/cmd_dm.o
  LD      test/dm/built-in.o
  CC      examples/standalone/stubs.o
  LD      examples/standalone/libstubs.o
  CC      examples/standalone/hello_world.o
  LD      examples/standalone/hello_world
  OBJCOPY examples/standalone/hello_world.srec
  OBJCOPY examples/standalone/hello_world.bin
  LDS     u-boot.lds
  LD      u-boot
  OBJCOPY u-boot-nodtb.bin
  DTC     arch/arm/dts/dra72-evm.dtb
  DTC     arch/arm/dts/dra7-evm.dtb
  DTC     arch/arm/dts/dra72-evm-revc.dtb
  DTC     arch/arm/dts/dra71-evm.dtb
  DTC     arch/arm/dts/dra76-evm.dtb
  SHIPPED dts/dt.dtb
  MKIMAGE u-boot.img
  OBJCOPY u-boot.srec
  CAT     u-boot-dtb.bin
  COPY    u-boot.bin
  SYM     u-boot.sym
  CFG     u-boot.cfg
  CC      spl/arch/arm/cpu/armv7/cache_v7.o
  AS      spl/arch/arm/cpu/armv7/cache_v7_asm.o
  CC      spl/arch/arm/cpu/armv7/cpu.o
  CC      spl/arch/arm/cpu/armv7/cp15.o
  CC      spl/arch/arm/cpu/armv7/syslib.o
  AS      spl/arch/arm/cpu/armv7/lowlevel_init.o
  CC      spl/arch/arm/cpu/armv7/omap-common/reset.o
  CC      spl/arch/arm/cpu/armv7/omap-common/timer.o
  CC      spl/arch/arm/cpu/armv7/omap-common/utils.o
  CC      spl/arch/arm/cpu/armv7/omap-common/hwinit-common.o
  CC      spl/arch/arm/cpu/armv7/omap-common/clocks-common.o
  CC      spl/arch/arm/cpu/armv7/omap-common/emif-common.o
  CC      spl/arch/arm/cpu/armv7/omap-common/vc.o
  CC      spl/arch/arm/cpu/armv7/omap-common/abb.o
  CC      spl/arch/arm/cpu/armv7/omap-common/pipe3-phy.o
  CC      spl/arch/arm/cpu/armv7/omap-common/sata.o
  CC      spl/arch/arm/cpu/armv7/omap-common/omap-cache.o
  CC      spl/arch/arm/cpu/armv7/omap-common/boot-common.o
  AS      spl/arch/arm/cpu/armv7/omap-common/lowlevel_init.o
  CC      spl/arch/arm/cpu/armv7/omap-common/mem-common.o
  LD      spl/arch/arm/cpu/armv7/omap-common/built-in.o
  CC      spl/arch/arm/cpu/armv7/omap5/boot.o
  CC      spl/arch/arm/cpu/armv7/omap5/hwinit.o
  CC      spl/arch/arm/cpu/armv7/omap5/emif.o
  CC      spl/arch/arm/cpu/armv7/omap5/sdram.o
  CC      spl/arch/arm/cpu/armv7/omap5/prcm-regs.o
  CC      spl/arch/arm/cpu/armv7/omap5/hw_data.o
  CC      spl/arch/arm/cpu/armv7/omap5/abb.o
  CC      spl/arch/arm/cpu/armv7/omap5/fdt.o
  CC      spl/arch/arm/cpu/armv7/omap5/dra7xx_iodelay.o
  AS      spl/arch/arm/cpu/armv7/omap5/sec_entry_cpu1.o
  LD      spl/arch/arm/cpu/armv7/omap5/built-in.o
  LD      spl/arch/arm/cpu/armv7/built-in.o
  AS      spl/arch/arm/cpu/armv7/start.o
  LD      spl/arch/arm/cpu/built-in.o
  AS      spl/arch/arm/lib/vectors.o
  AS      spl/arch/arm/lib/crt0.o
  CC      spl/arch/arm/lib/spl.o
  CC      spl/arch/arm/lib/bootm-fdt.o
  CC      spl/arch/arm/lib/sections.o
  CC      spl/arch/arm/lib/stack.o
  CC      spl/arch/arm/lib/interrupts.o
  CC      spl/arch/arm/lib/reset.o
  CC      spl/arch/arm/lib/cache.o
  CC      spl/arch/arm/lib/cache-cp15.o
  LD      spl/arch/arm/lib/built-in.o
  AR      spl/arch/arm/lib/lib.a
  CC      spl/arch/arm/lib/eabi_compat.o
  CC      spl/board/ti/dra7xx/evm.o
  CC      spl/board/ti/dra7xx/lateattach.o
  LD      spl/board/ti/dra7xx/built-in.o
  CC      spl/board/ti/common/board_detect.o
  LD      spl/board/ti/common/built-in.o
  CC      spl/common/spl/spl.o
  CC      spl/common/spl/spl_fit.o
  CC      spl/common/spl/spl_mmc.o
  CC      spl/common/spl/spl_fat.o
  CC      spl/common/spl/spl_ext.o
  LD      spl/common/spl/built-in.o
  CC      spl/common/init/board_init.o
  LD      spl/common/init/built-in.o
  CC      spl/common/fdt_support.o
  CC      spl/common/env_attr.o
  CC      spl/common/env_flags.o
  CC      spl/common/env_callback.o
  CC      spl/common/env_mmc.o
  CC      spl/common/env_common.o
  CC      spl/common/console.o
  CC      spl/common/dlmalloc.o
  CC      spl/common/malloc_simple.o
  CC      spl/common/image.o
  CC      spl/common/image-android.o
  CC      spl/common/image-fdt.o
  CC      spl/common/memsize.o
  CC      spl/common/stdio.o
  CC      spl/common/cli_simple.o
  CC      spl/common/cli.o
  CC      spl/common/cli_readline.o
  CC      spl/common/dfu.o
  CC      spl/common/command.o
  CC      spl/common/s_record.o
  CC      spl/common/xyzModem.o
  CC      spl/common/elf_remoteproc.o
  LD      spl/common/built-in.o
  CC      spl/cmd/nvedit.o
  CC      spl/cmd/disk.o
  LD      spl/cmd/built-in.o
  CC      spl/disk/part.o
  CC      spl/disk/part_dos.o
  CC      spl/disk/part_iso.o
  CC      spl/disk/part_efi.o
  LD      spl/disk/built-in.o
  CC      spl/drivers/dma/ti-edma3.o
  LD      spl/drivers/dma/built-in.o
  CC      spl/drivers/gpio/omap_gpio.o
  LD      spl/drivers/gpio/built-in.o
  CC      spl/drivers/i2c/i2c-uclass.o
  CC      spl/drivers/i2c/i2c_core.o
  CC      spl/drivers/i2c/omap24xx_i2c.o
  LD      spl/drivers/i2c/built-in.o
  CC      spl/drivers/mmc/mmc-uclass.o
  CC      spl/drivers/mmc/mmc.o
  CC      spl/drivers/mmc/omap_hsmmc.o
  CC      spl/drivers/mmc/mmc_write.o
  LD      spl/drivers/mmc/built-in.o
  CC      spl/drivers/mtd/spi/spi_spl_load.o
  CC      spl/drivers/mtd/spi/sf_probe.o
  CC      spl/drivers/mtd/spi/spi_flash.o
  CC      spl/drivers/mtd/spi/sf_params.o
  CC      spl/drivers/mtd/spi/sf.o
  LD      spl/drivers/mtd/spi/built-in.o
  CC      spl/drivers/power/palmas.o
  LD      spl/drivers/power/built-in.o
  CC      spl/drivers/power/pmic/pmic-uclass.o
  LD      spl/drivers/power/pmic/built-in.o
  LD      spl/drivers/power/regulator/built-in.o
  CC      spl/drivers/serial/serial.o
  CC      spl/drivers/serial/serial_ns16550.o
  CC      spl/drivers/serial/ns16550.o
  LD      spl/drivers/serial/built-in.o
  CC      spl/drivers/spi/spi.o
  CC      spl/drivers/spi/ti_qspi.o
  LD      spl/drivers/spi/built-in.o
  CC      spl/drivers/usb/phy/omap_usb_phy.o
  LD      spl/drivers/usb/phy/built-in.o
  LD      spl/drivers/built-in.o
  LD      spl/dts/built-in.o
  CC      spl/fs/ext4/ext4fs.o
  CC      spl/fs/ext4/ext4_common.o
  CC      spl/fs/ext4/dev.o
  CC      spl/fs/ext4/ext4_write.o
  CC      spl/fs/ext4/ext4_journal.o
  CC      spl/fs/ext4/crc16.o
  LD      spl/fs/ext4/built-in.o
  CC      spl/fs/fat/fat_write.o
  LD      spl/fs/fat/built-in.o
  LD      spl/fs/built-in.o
  CC      spl/lib/qsort.o
  CC      spl/lib/libfdt/fdt.o
  CC      spl/lib/libfdt/fdt_ro.o
  CC      spl/lib/libfdt/fdt_rw.o
  CC      spl/lib/libfdt/fdt_strerror.o
  CC      spl/lib/libfdt/fdt_sw.o
  CC      spl/lib/libfdt/fdt_wip.o
  CC      spl/lib/libfdt/fdt_empty_tree.o
  CC      spl/lib/libfdt/fdt_addresses.o
  CC      spl/lib/libfdt/fdt_region.o
  LD      spl/lib/libfdt/built-in.o
  CC      spl/lib/lzo/lzo1x_decompress.o
  LD      spl/lib/lzo/built-in.o
  CC      spl/lib/hashtable.o
  CC      spl/lib/errno.o
  CC      spl/lib/display_options.o
  CC      spl/lib/crc32.o
  CC      spl/lib/ctype.o
  CC      spl/lib/div64.o
  CC      spl/lib/hang.o
  CC      spl/lib/linux_compat.o
  CC      spl/lib/linux_string.o
  CC      spl/lib/membuff.o
  CC      spl/lib/slre.o
  CC      spl/lib/string.o
  CC      spl/lib/time.o
  CC      spl/lib/uuid.o
  CC      spl/lib/rand.o
  CC      spl/lib/vsprintf.o
  CC      spl/lib/panic.o
  CC      spl/lib/strto.o
  LD      spl/lib/built-in.o
  LDS     spl/u-boot-spl.lds
  LD      spl/u-boot-spl
  OBJCOPY spl/u-boot-spl-nodtb.bin
  COPY    spl/u-boot-spl.bin
  MKIMAGE MLO
  CFG     spl/u-boot-spl.cfg
  COPY    u-boot.dtb
  MKIMAGE u-boot-dtb.img
make[3]: Leaving directory `/home/gy/PROCESSOR_SDK_VISION_03_02_00_00/ti_components/os_tools/linux/u-boot/u-boot'
make[2]: Leaving directory `/home/gy/PROCESSOR_SDK_VISION_03_02_00_00/vision_sdk/build/hlos/makerules/linux'
make[1]: Leaving directory `/home/gy/PROCESSOR_SDK_VISION_03_02_00_00/vision_sdk/build/hlos/makerules/linux'
